2026-04-15 14:00:34:034 [32minfo[39m: [32m🚀 Servidor executando na porta 3000}[39m
2026-04-15 14:00:43:043 [35mhttp[39m: [35mGET / 404 139 - 1.120 ms[39m
2026-04-15 14:02:38:238 [32minfo[39m: [32m🚀 Servidor executando na porta 3000}[39m
2026-04-15 14:02:42:242 [32minfo[39m: [32m🚀 Servidor executando na porta 3000}[39m
2026-04-15 14:03:31:331 [32minfo[39m: [32m🚀 Servidor executando na porta 3000}[39m
2026-04-15 14:04:56:456 [32minfo[39m: [32m🚀 Servidor executando na porta 3000}[39m
2026-04-15 14:05:00:50 [32minfo[39m: [32m🚀 Servidor executando na porta 3000}[39m
2026-04-15 14:05:41:541 [32minfo[39m: [32m🚀 Servidor executando na porta 3000}[39m
2026-04-15 14:14:24:1424 [32minfo[39m: [32m🚀 Servidor executando na porta 3000}[39m
2026-04-15 14:14:25:1425 [35mhttp[39m: [35mGET / 404 139 - 0.991 ms[39m
2026-04-15 14:14:27:1427 [35mhttp[39m: [35mGET / 404 139 - 0.249 ms[39m
2026-04-15 14:14:27:1427 [35mhttp[39m: [35mGET / 404 139 - 0.150 ms[39m
2026-04-15 14:14:28:1428 [35mhttp[39m: [35mGET / 404 139 - 0.243 ms[39m
2026-04-15 14:14:28:1428 [35mhttp[39m: [35mGET / 404 139 - 0.151 ms[39m
2026-04-15 14:14:33:1433 [32minfo[39m: [32m🚀 Servidor executando na porta 3000}[39m
2026-04-15 14:16:09:169 [32minfo[39m: [32m🚀 Servidor executando na porta 3000}[39m
2026-04-15 14:16:20:1620 [32minfo[39m: [32m🚀 Servidor executando na porta 3000}[39m
2026-04-15 14:16:21:1621 [32minfo[39m: [32m🚀 Servidor executando na porta 3000}[39m
2026-04-15 14:16:58:1658 [32minfo[39m: [32m🚀 Servidor executando na porta 3000}[39m
2026-04-15 14:17:04:174 [32minfo[39m: [32m🚀 Servidor executando na porta 3000}[39m
2026-04-15 14:17:28:1728 [35mhttp[39m: [35mGET / 404 139 - 0.978 ms[39m
2026-04-24 14:00:53:053 [32minfo[39m: [32m🚀 Servidor executando na porta 3000}[39m
2026-04-24 14:01:01:11 [35mhttp[39m: [35mGET / 404 139 - 1.746 ms[39m
2026-04-24 14:10:14:1014 [32minfo[39m: [32m🚀 Servidor executando na porta 3000}[39m
2026-04-24 14:10:20:1020 [35mhttp[39m: [35mGET / 404 139 - 1.649 ms[39m
2026-04-24 14:10:21:1021 [35mhttp[39m: [35mGET / 404 139 - 0.377 ms[39m
2026-04-24 14:10:21:1021 [35mhttp[39m: [35mGET / 404 139 - 0.234 ms[39m
2026-04-24 14:10:21:1021 [35mhttp[39m: [35mGET / 404 139 - 0.225 ms[39m
2026-04-24 14:10:21:1021 [35mhttp[39m: [35mGET / 404 139 - 0.271 ms[39m
2026-04-24 14:52:37:5237 [35mhttp[39m: [35mGET / 404 139 - 0.333 ms[39m
2026-04-24 15:17:04:174 [32minfo[39m: [32m🚀 Servidor executando na porta 3000}[39m
2026-04-24 15:17:04:174 [32minfo[39m: [32m🚀 Servidor executando na porta 3000}[39m
2026-04-24 15:17:16:1716 [32minfo[39m: [32m🚀 Servidor executando na porta 3000}[39m
2026-04-24 15:17:17:1717 [32minfo[39m: [32m🚀 Servidor executando na porta 3000}[39m
2026-04-24 15:17:19:1719 [32minfo[39m: [32m🚀 Servidor executando na porta 3000}[39m
2026-04-24 15:17:27:1727 [32minfo[39m: [32m🚀 Servidor executando na porta 3000}[39m
2026-04-24 15:17:28:1728 [32minfo[39m: [32m🚀 Servidor executando na porta 3000}[39m
2026-04-24 15:17:31:1731 [32minfo[39m: [32m🚀 Servidor executando na porta 3000}[39m
2026-04-24 15:17:32:1732 [32minfo[39m: [32m🚀 Servidor executando na porta 3000}[39m
2026-04-24 15:17:34:1734 [32minfo[39m: [32m🚀 Servidor executando na porta 3000}[39m
2026-04-24 15:17:56:1756 [32minfo[39m: [32m🚀 Servidor executando na porta 3000}[39m
2026-04-24 15:17:59:1759 [32minfo[39m: [32m🚀 Servidor executando na porta 3000}[39m
2026-04-24 15:18:11:1811 [32minfo[39m: [32m🚀 Servidor executando na porta 3000}[39m
2026-04-24 15:19:35:1935 [32minfo[39m: [32m🚀 Servidor executando na porta 3000}[39m
2026-04-24 15:19:39:1939 [32minfo[39m: [32m🚀 Servidor executando na porta 3000}[39m
2026-04-24 15:19:40:1940 [32minfo[39m: [32m🚀 Servidor executando na porta 3000}[39m
2026-04-24 15:19:57:1957 [32minfo[39m: [32m🚀 Servidor executando na porta 3000}[39m
2026-04-24 15:20:10:2010 [32minfo[39m: [32m🚀 Servidor executando na porta 3000}[39m
2026-04-24 15:20:12:2012 [32minfo[39m: [32m🚀 Servidor executando na porta 3000}[39m
2026-04-24 15:20:15:2015 [32minfo[39m: [32m🚀 Servidor executando na porta 3000}[39m
2026-04-24 15:20:40:2040 [32minfo[39m: [32m🚀 Servidor executando na porta 3000}[39m
2026-04-24 15:20:44:2044 [32minfo[39m: [32m🚀 Servidor executando na porta 3000}[39m
2026-04-24 15:20:45:2045 [32minfo[39m: [32m🚀 Servidor executando na porta 3000}[39m
2026-04-24 15:20:52:2052 [32minfo[39m: [32m🚀 Servidor executando na porta 3000}[39m
2026-04-24 15:20:55:2055 [32minfo[39m: [32m🚀 Servidor executando na porta 3000}[39m
2026-04-24 15:21:07:217 [32minfo[39m: [32m🚀 Servidor executando na porta 3000}[39m
2026-04-24 15:21:09:219 [32minfo[39m: [32m🚀 Servidor executando na porta 3000}[39m
2026-04-24 15:21:19:2119 [32minfo[39m: [32m🚀 Servidor executando na porta 3000}[39m
2026-04-24 15:21:22:2122 [32minfo[39m: [32m🚀 Servidor executando na porta 3000}[39m
2026-04-24 15:21:26:2126 [32minfo[39m: [32m🚀 Servidor executando na porta 3000}[39m
2026-04-24 15:21:32:2132 [32minfo[39m: [32m🚀 Servidor executando na porta 3000}[39m
2026-04-24 15:21:39:2139 [32minfo[39m: [32m🚀 Servidor executando na porta 3000}[39m
2026-04-24 15:21:42:2142 [32minfo[39m: [32m🚀 Servidor executando na porta 3000}[39m
2026-04-24 15:21:47:2147 [32minfo[39m: [32m🚀 Servidor executando na porta 3000}[39m
2026-04-24 15:21:52:2152 [32minfo[39m: [32m🚀 Servidor executando na porta 3000}[39m
2026-04-24 15:21:54:2154 [32minfo[39m: [32m🚀 Servidor executando na porta 3000}[39m
2026-04-24 15:22:00:220 [32minfo[39m: [32m🚀 Servidor executando na porta 3000}[39m
2026-04-24 15:22:06:226 [32minfo[39m: [32m🚀 Servidor executando na porta 3000}[39m
2026-04-24 15:22:07:227 [32minfo[39m: [32m🚀 Servidor executando na porta 3000}[39m
2026-04-24 15:22:32:2232 [32minfo[39m: [32m🚀 Servidor executando na porta 3000}[39m
2026-04-24 15:25:34:2534 [32minfo[39m: [32m🚀 Servidor executando na porta 3000}[39m
2026-04-24 15:25:39:2539 [32minfo[39m: [32m🚀 Servidor executando na porta 3000}[39m
2026-04-24 15:41:11:4111 [32minfo[39m: [32m🚀 Servidor executando na porta 3000}[39m
2026-04-24 15:41:14:4114 [32minfo[39m: [32m🚀 Servidor executando na porta 3000}[39m
2026-04-24 16:37:23:3723 [32minfo[39m: [32m🚀 Servidor executando na porta 3000}[39m
2026-04-24 16:38:44:3844 [32minfo[39m: [32m🚀 Servidor executando na porta 3000}[39m
2026-04-24 16:38:45:3845 [32minfo[39m: [32m🚀 Servidor executando na porta 3000}[39m
2026-04-24 16:38:48:3848 [32minfo[39m: [32m🚀 Servidor executando na porta 3000}[39m
2026-04-24 16:38:50:3850 [32minfo[39m: [32m🚀 Servidor executando na porta 3000}[39m
2026-04-24 16:38:52:3852 [32minfo[39m: [32m🚀 Servidor executando na porta 3000}[39m
2026-04-24 16:38:55:3855 [32minfo[39m: [32m🚀 Servidor executando na porta 3000}[39m
2026-04-24 16:38:56:3856 [32minfo[39m: [32m🚀 Servidor executando na porta 3000}[39m
2026-04-24 16:38:58:3858 [32minfo[39m: [32m🚀 Servidor executando na porta 3000}[39m
2026-04-24 16:39:41:3941 [35mhttp[39m: [35mGET / 404 139 - 1.745 ms[39m
2026-04-24 16:39:42:3942 [35mhttp[39m: [35mGET / 404 139 - 0.406 ms[39m
2026-04-24 16:39:42:3942 [35mhttp[39m: [35mGET / 404 139 - 0.223 ms[39m
2026-04-24 16:39:42:3942 [35mhttp[39m: [35mGET / 404 139 - 0.245 ms[39m
2026-04-24 16:39:42:3942 [35mhttp[39m: [35mGET / 404 139 - 0.265 ms[39m
2026-04-24 16:39:42:3942 [35mhttp[39m: [35mGET / 404 139 - 0.237 ms[39m
2026-04-24 16:39:42:3942 [35mhttp[39m: [35mGET / 404 139 - 0.240 ms[39m
2026-04-24 16:39:43:3943 [35mhttp[39m: [35mGET / 404 139 - 0.228 ms[39m
2026-04-24 16:46:23:4623 [35mhttp[39m: [35mPOST /users 500 3 - 27.919 ms[39m
2026-04-24 16:46:40:4640 [32minfo[39m: [32m🚀 Servidor executando na porta 3000}[39m
2026-04-24 16:46:43:4643 [35mhttp[39m: [35mPOST /users 500 34 - 23.619 ms[39m
2026-04-24 16:48:11:4811 [32minfo[39m: [32m🚀 Servidor executando na porta 3000}[39m
2026-04-24 16:48:21:4821 [35mhttp[39m: [35mPOST /users 500 34 - 21.621 ms[39m
2026-04-24 16:48:43:4843 [32minfo[39m: [32m🚀 Servidor executando na porta 3000}[39m
2026-04-24 16:48:45:4845 [32minfo[39m: [32m🚀 Servidor executando na porta 3000}[39m
2026-04-24 16:48:47:4847 [32minfo[39m: [32m🚀 Servidor executando na porta 3000}[39m
2026-04-24 16:48:53:4853 [32minfo[39m: [32m🚀 Servidor executando na porta 3000}[39m
2026-04-24 16:48:54:4854 [32minfo[39m: [32m🚀 Servidor executando na porta 3000}[39m
2026-04-24 16:49:19:4919 [35mhttp[39m: [35mPOST /users 500 34 - 32.578 ms[39m
2026-04-24 16:50:49:5049 [32minfo[39m: [32m🚀 Servidor executando na porta 3000}[39m
2026-04-24 16:50:53:5053 [35mhttp[39m: [35mPOST /users 500 34 - 22.827 ms[39m
2026-04-24 16:51:19:5119 [32minfo[39m: [32m🚀 Servidor executando na porta 3000}[39m
2026-04-24 16:51:30:5130 [32minfo[39m: [32m🚀 Servidor executando na porta 3000}[39m
2026-04-24 16:51:39:5139 [35mhttp[39m: [35mPOST /users 500 34 - 16.165 ms[39m
2026-04-24 16:51:40:5140 [35mhttp[39m: [35mPOST /users 500 34 - 3.791 ms[39m
2026-04-24 16:52:23:5223 [32minfo[39m: [32m🚀 Servidor executando na porta 3000}[39m
2026-04-24 16:52:58:5258 [35mhttp[39m: [35mPOST /users 500 34 - 22.189 ms[39m
2026-04-24 16:53:29:5329 [32minfo[39m: [32m🚀 Servidor executando na porta 3000}[39m
2026-04-24 16:53:32:5332 [32minfo[39m: [32m🚀 Servidor executando na porta 3000}[39m
2026-04-24 16:53:34:5334 [32minfo[39m: [32m🚀 Servidor executando na porta 3000}[39m
2026-04-24 16:53:36:5336 [32minfo[39m: [32m🚀 Servidor executando na porta 3000}[39m
2026-04-24 16:53:39:5339 [32minfo[39m: [32m🚀 Servidor executando na porta 3000}[39m
2026-04-24 16:53:43:5343 [32minfo[39m: [32m🚀 Servidor executando na porta 3000}[39m
2026-04-24 16:53:50:5350 [35mhttp[39m: [35mPOST /users 500 34 - 31.413 ms[39m
2026-04-24 16:54:02:542 [32minfo[39m: [32m🚀 Servidor executando na porta 3000}[39m
2026-04-24 16:54:11:5411 [35mhttp[39m: [35mPOST /users 500 34 - 23.491 ms[39m
2026-04-24 16:54:18:5418 [32minfo[39m: [32m🚀 Servidor executando na porta 3000}[39m
2026-04-24 16:54:25:5425 [35mhttp[39m: [35mPOST /users 500 34 - 20.383 ms[39m
2026-04-24 16:55:05:555 [32minfo[39m: [32m🚀 Servidor executando na porta 3000}[39m
2026-04-24 16:55:29:5529 [32minfo[39m: [32m🚀 Servidor a correr na porta 3000[39m
2026-04-24 16:55:39:5539 [32minfo[39m: [32m🚀 Servidor a correr na porta 3000[39m
2026-04-24 16:55:44:5544 [31merror[39m: [31mErro ao criar usuário: PrismaClientKnownRequestError: [39m
[31mInvalid `prisma.user.create()` invocation in[39m
[31mC:\Users\gustavo.fsvieira\Documents\express-api\src\services\user.service.ts:6:36[39m

[31m  3 [39m
[31m  4 export const createUser = async (name: string, email: string, password: string) => {[39m
[31m  5     const hashedPassword = await bcrypt.hash(password, 10);[39m
[31m→ 6     const user = await prisma.user.create([39m
[31mUnique constraint failed on the fields: (`email`)[39m
2026-04-24 16:55:44:5544 [35mhttp[39m: [35mPOST /users 500 35 - 59.682 ms[39m
2026-04-24 16:56:03:563 [32minfo[39m: [32mUsuário Gustavo criado com sucesso![39m
2026-04-24 16:56:03:563 [35mhttp[39m: [35mPOST /users 201 95 - 45.835 ms[39m
2026-04-24 16:57:34:5734 [32minfo[39m: [32m🚀 Servidor executando na porta 3000}[39m
2026-04-24 16:57:37:5737 [32minfo[39m: [32m🚀 Servidor a correr na porta 3000[39m
